TN:
SF:src/app/app.component.ts
FNF:0
FNH:0
DA:11,1
LF:1
LH:1
BRF:0
BRH:0
end_of_record
TN:
SF:src/app/components/auth/auth.service.ts
FN:12,(anonymous_0)
FN:14,(anonymous_1)
FN:24,(anonymous_2)
FN:34,(anonymous_3)
FNF:4
FNH:0
FNDA:0,(anonymous_0)
FNDA:0,(anonymous_1)
FNDA:0,(anonymous_2)
FNDA:0,(anonymous_3)
DA:10,1
DA:15,0
DA:16,0
DA:17,0
DA:18,0
DA:20,0
DA:25,0
DA:26,0
DA:27,0
DA:28,0
DA:30,0
DA:35,0
LF:12
LH:1
BRF:0
BRH:0
end_of_record
TN:
SF:src/app/components/login/login.component.ts
FN:23,(anonymous_0)
FN:29,(anonymous_1)
FN:30,(anonymous_2)
FN:36,(anonymous_3)
FN:40,(anonymous_4)
FN:46,(anonymous_5)
FN:55,(anonymous_6)
FN:61,(anonymous_7)
FN:66,oo_cm
FNF:9
FNH:8
FNDA:7,(anonymous_0)
FNDA:2,(anonymous_1)
FNDA:2,(anonymous_2)
FNDA:1,(anonymous_3)
FNDA:1,(anonymous_4)
FNDA:2,(anonymous_5)
FNDA:0,(anonymous_6)
FNDA:1,(anonymous_7)
FNDA:1,oo_cm
DA:14,1
DA:15,7
DA:16,7
DA:18,7
DA:24,7
DA:25,7
DA:26,7
DA:30,2
DA:31,2
DA:35,2
DA:37,1
DA:38,1
DA:41,1
DA:42,1
DA:47,2
DA:48,1
DA:49,1
DA:51,1
DA:52,1
DA:56,0
DA:57,0
DA:62,1
DA:66,1
LF:23
LH:21
BRDA:47,0,0,1
BRDA:47,0,1,1
BRDA:56,1,0,0
BRDA:66,2,0,1
BRDA:66,2,1,1
BRF:5
BRH:4
end_of_record
TN:
SF:src/app/components/sign-up/sign-up.component.ts
FN:30,(anonymous_0)
FN:36,(anonymous_1)
FN:37,(anonymous_2)
FN:49,(anonymous_3)
FN:50,(anonymous_4)
FN:58,(anonymous_5)
FN:61,(anonymous_6)
FN:68,(anonymous_7)
FN:77,(anonymous_8)
FN:83,oo_cm
FNF:10
FNH:10
FNDA:8,(anonymous_0)
FNDA:8,(anonymous_1)
FNDA:73,(anonymous_2)
FNDA:2,(anonymous_3)
FNDA:2,(anonymous_4)
FNDA:1,(anonymous_5)
FNDA:1,(anonymous_6)
FNDA:2,(anonymous_7)
FNDA:1,(anonymous_8)
FNDA:1,oo_cm
DA:15,1
DA:16,8
DA:17,8
DA:18,8
DA:20,8
DA:31,8
DA:32,8
DA:33,8
DA:37,8
DA:38,73
DA:39,73
DA:42,73
DA:43,5
DA:45,68
DA:50,2
DA:51,2
DA:58,2
DA:59,1
DA:60,1
DA:62,1
DA:63,1
DA:69,2
DA:70,1
DA:71,1
DA:73,1
DA:74,1
DA:78,1
DA:83,1
LF:28
LH:28
BRDA:42,0,0,5
BRDA:69,1,0,1
BRDA:69,1,1,1
BRDA:83,2,0,1
BRDA:83,2,1,0
BRF:5
BRH:4
end_of_record
