TN:
SF:src\app\app.component.ts
FNF:0
FNH:0
DA:11,1
LF:1
LH:1
BRF:0
BRH:0
end_of_record
TN:
SF:src\app\components\auth\auth.service.ts
FN:12,(anonymous_0)
FN:14,(anonymous_1)
FN:24,(anonymous_2)
FN:34,(anonymous_3)
FNF:4
FNH:0
FNDA:0,(anonymous_0)
FNDA:0,(anonymous_1)
FNDA:0,(anonymous_2)
FNDA:0,(anonymous_3)
DA:10,1
DA:15,0
DA:16,0
DA:17,0
DA:18,0
DA:20,0
DA:25,0
DA:26,0
DA:27,0
DA:28,0
DA:30,0
DA:35,0
LF:12
LH:1
BRF:0
BRH:0
end_of_record
TN:
SF:src\app\components\login\login.component.ts
FN:23,(anonymous_0)
FN:29,(anonymous_1)
FN:42,(anonymous_2)
FN:51,(anonymous_3)
FN:57,(anonymous_4)
FNF:5
FNH:4
FNDA:7,(anonymous_0)
FNDA:2,(anonymous_1)
FNDA:2,(anonymous_2)
FNDA:0,(anonymous_3)
FNDA:1,(anonymous_4)
DA:14,1
DA:15,7
DA:16,7
DA:18,7
DA:24,7
DA:25,7
DA:26,7
DA:30,2
DA:31,2
DA:35,2
DA:36,2
DA:38,0
DA:43,2
DA:44,1
DA:45,1
DA:47,1
DA:48,1
DA:52,0
DA:53,0
DA:58,1
LF:20
LH:17
BRDA:43,0,0,1
BRDA:43,0,1,1
BRDA:52,1,0,0
BRF:3
BRH:2
end_of_record
TN:
SF:src\app\components\sign-up\sign-up.component.ts
FN:30,(anonymous_0)
FN:36,(anonymous_1)
FN:37,(anonymous_2)
FN:49,(anonymous_3)
FN:66,(anonymous_4)
FN:75,(anonymous_5)
FNF:6
FNH:6
FNDA:8,(anonymous_0)
FNDA:8,(anonymous_1)
FNDA:73,(anonymous_2)
FNDA:2,(anonymous_3)
FNDA:2,(anonymous_4)
FNDA:1,(anonymous_5)
DA:15,1
DA:16,8
DA:17,8
DA:18,8
DA:20,8
DA:31,8
DA:32,8
DA:33,8
DA:37,8
DA:38,73
DA:39,73
DA:42,73
DA:43,5
DA:45,68
DA:50,2
DA:51,2
DA:58,2
DA:59,2
DA:61,0
DA:67,2
DA:68,1
DA:69,1
DA:71,1
DA:72,1
DA:76,1
LF:25
LH:24
BRDA:42,0,0,5
BRDA:67,1,0,1
BRDA:67,1,1,1
BRF:3
BRH:3
end_of_record
